<?xml version="1.0" encoding="UTF-8"?>
<coverage generated="1545418548954" clover="3.2.0">
  <project timestamp="1545418548955" name="All files">
    <metrics statements="88" coveredstatements="72" conditionals="103" coveredconditionals="79" methods="27" coveredmethods="19" elements="218" coveredelements="170" complexity="0" loc="88" ncloc="88" packages="5" files="13" classes="13">
      <package name="src">
        <metrics statements="0" coveredstatements="0" conditionals="0" coveredconditionals="0" methods="0" coveredmethods="0"/>
        <file name="index.js" path="Z:\opensource\realert\src\index.js">
          <metrics statements="0" coveredstatements="0" conditionals="0" coveredconditionals="0" methods="0" coveredmethods="0"/>
        </file>
      </package>
      <package name="src.Components">
        <metrics statements="25" coveredstatements="19" conditionals="53" coveredconditionals="42" methods="9" coveredmethods="6"/>
        <file name="Alert.jsx" path="Z:\opensource\realert\src\Components\Alert.jsx">
          <metrics statements="19" coveredstatements="14" conditionals="12" coveredconditionals="7" methods="6" coveredmethods="4"/>
          <line num="15" count="18" type="stmt"/>
          <line num="20" count="18" type="stmt"/>
          <line num="24" count="18" type="stmt"/>
          <line num="33" count="18" type="stmt"/>
          <line num="34" count="18" type="cond" truecount="4" falsecount="0"/>
          <line num="35" count="1" type="stmt"/>
          <line num="45" count="0" type="stmt"/>
          <line num="46" count="0" type="cond" truecount="0" falsecount="2"/>
          <line num="47" count="0" type="stmt"/>
          <line num="55" count="1" type="stmt"/>
          <line num="57" count="1" type="stmt"/>
          <line num="58" count="1" type="cond" truecount="3" falsecount="1"/>
          <line num="59" count="1" type="stmt"/>
          <line num="67" count="0" type="cond" truecount="0" falsecount="2"/>
          <line num="68" count="0" type="stmt"/>
          <line num="73" count="18" type="stmt"/>
          <line num="81" count="18" type="stmt"/>
          <line num="82" count="18" type="stmt"/>
          <line num="100" count="2" type="stmt"/>
        </file>
        <file name="AlertComponent.jsx" path="Z:\opensource\realert\src\Components\AlertComponent.jsx">
          <metrics statements="6" coveredstatements="5" conditionals="41" coveredconditionals="35" methods="3" coveredmethods="2"/>
          <line num="25" count="2" type="stmt"/>
          <line num="26" count="0" type="stmt"/>
          <line num="31" count="2" type="stmt"/>
          <line num="47" count="18" type="stmt"/>
          <line num="50" count="18" type="stmt"/>
          <line num="103" count="4" type="stmt"/>
        </file>
      </package>
      <package name="src.StyledComponents">
        <metrics statements="39" coveredstatements="33" conditionals="10" coveredconditionals="5" methods="11" coveredmethods="10"/>
        <file name="GlobalStyles.js" path="Z:\opensource\realert\src\StyledComponents\GlobalStyles.js">
          <metrics statements="1" coveredstatements="1" conditionals="0" coveredconditionals="0" methods="0" coveredmethods="0"/>
          <line num="3" count="2" type="stmt"/>
        </file>
        <file name="index.js" path="Z:\opensource\realert\src\StyledComponents\index.js">
          <metrics statements="38" coveredstatements="32" conditionals="10" coveredconditionals="5" methods="11" coveredmethods="10"/>
          <line num="3" count="2" type="stmt"/>
          <line num="24" count="2" type="stmt"/>
          <line num="59" count="2" type="stmt"/>
          <line num="82" count="2" type="stmt"/>
          <line num="83" count="50" type="stmt"/>
          <line num="86" count="2" type="stmt"/>
          <line num="111" count="2" type="stmt"/>
          <line num="112" count="50" type="stmt"/>
          <line num="115" count="2" type="stmt"/>
          <line num="138" count="2" type="stmt"/>
          <line num="139" count="48" type="stmt"/>
          <line num="142" count="2" type="stmt"/>
          <line num="166" count="2" type="stmt"/>
          <line num="167" count="50" type="stmt"/>
          <line num="170" count="2" type="stmt"/>
          <line num="171" count="6" type="stmt"/>
          <line num="180" count="2" type="stmt"/>
          <line num="181" count="6" type="stmt"/>
          <line num="184" count="2" type="stmt"/>
          <line num="190" count="2" type="stmt"/>
          <line num="191" count="0" type="stmt"/>
          <line num="194" count="2" type="stmt"/>
          <line num="196" count="12" type="cond" truecount="1" falsecount="1"/>
          <line num="197" count="0" type="stmt"/>
          <line num="199" count="12" type="cond" truecount="1" falsecount="1"/>
          <line num="200" count="0" type="stmt"/>
          <line num="202" count="12" type="stmt"/>
          <line num="205" count="12" type="cond" truecount="1" falsecount="1"/>
          <line num="206" count="0" type="stmt"/>
          <line num="208" count="12" type="stmt"/>
          <line num="221" count="12" type="cond" truecount="1" falsecount="1"/>
          <line num="222" count="0" type="stmt"/>
          <line num="224" count="12" type="cond" truecount="1" falsecount="1"/>
          <line num="225" count="0" type="stmt"/>
          <line num="227" count="12" type="stmt"/>
          <line num="245" count="2" type="stmt"/>
          <line num="246" count="12" type="stmt"/>
          <line num="249" count="2" type="stmt"/>
        </file>
      </package>
      <package name="src.StyledComponents.Icons">
        <metrics statements="16" coveredstatements="13" conditionals="0" coveredconditionals="0" methods="3" coveredmethods="0"/>
        <file name="ErrorIcon.jsx" path="Z:\opensource\realert\src\StyledComponents\Icons\ErrorIcon.jsx">
          <metrics statements="5" coveredstatements="4" conditionals="0" coveredconditionals="0" methods="1" coveredmethods="0"/>
          <line num="6" count="2" type="stmt"/>
          <line num="17" count="2" type="stmt"/>
          <line num="39" count="2" type="stmt"/>
          <line num="70" count="2" type="stmt"/>
          <line num="71" count="0" type="stmt"/>
        </file>
        <file name="InfoIcon.jsx" path="Z:\opensource\realert\src\StyledComponents\Icons\InfoIcon.jsx">
          <metrics statements="1" coveredstatements="1" conditionals="0" coveredconditionals="0" methods="0" coveredmethods="0"/>
          <line num="6" count="2" type="stmt"/>
        </file>
        <file name="SuccessIcon.jsx" path="Z:\opensource\realert\src\StyledComponents\Icons\SuccessIcon.jsx">
          <metrics statements="6" coveredstatements="5" conditionals="0" coveredconditionals="0" methods="1" coveredmethods="0"/>
          <line num="6" count="2" type="stmt"/>
          <line num="21" count="2" type="stmt"/>
          <line num="49" count="2" type="stmt"/>
          <line num="72" count="2" type="stmt"/>
          <line num="152" count="2" type="stmt"/>
          <line num="153" count="0" type="stmt"/>
        </file>
        <file name="WarningIcon.jsx" path="Z:\opensource\realert\src\StyledComponents\Icons\WarningIcon.jsx">
          <metrics statements="4" coveredstatements="3" conditionals="0" coveredconditionals="0" methods="1" coveredmethods="0"/>
          <line num="6" count="2" type="stmt"/>
          <line num="15" count="2" type="stmt"/>
          <line num="43" count="2" type="stmt"/>
          <line num="44" count="0" type="stmt"/>
        </file>
        <file name="index.js" path="Z:\opensource\realert\src\StyledComponents\Icons\index.js">
          <metrics statements="0" coveredstatements="0" conditionals="0" coveredconditionals="0" methods="0" coveredmethods="0"/>
        </file>
      </package>
      <package name="src.helpers">
        <metrics statements="8" coveredstatements="7" conditionals="40" coveredconditionals="32" methods="4" coveredmethods="3"/>
        <file name="expectedComponents.jsx" path="Z:\opensource\realert\src\helpers\expectedComponents.jsx">
          <metrics statements="6" coveredstatements="5" conditionals="39" coveredconditionals="31" methods="3" coveredmethods="2"/>
          <line num="19" count="2" type="stmt"/>
          <line num="20" count="0" type="stmt"/>
          <line num="25" count="2" type="stmt"/>
          <line num="34" count="9" type="stmt"/>
          <line num="37" count="9" type="stmt"/>
          <line num="77" count="2" type="stmt"/>
        </file>
        <file name="initTests.js" path="Z:\opensource\realert\src\helpers\initTests.js">
          <metrics statements="1" coveredstatements="1" conditionals="0" coveredconditionals="0" methods="0" coveredmethods="0"/>
          <line num="4" count="2" type="stmt"/>
        </file>
        <file name="mock.js" path="Z:\opensource\realert\src\helpers\mock.js">
          <metrics statements="1" coveredstatements="1" conditionals="1" coveredconditionals="1" methods="1" coveredmethods="1"/>
          <line num="2" count="16" type="stmt"/>
        </file>
      </package>
    </metrics>
  </project>
</coverage>
