{"Z:\\opensource\\realert\\src\\index.js": {"path":"Z:\\opensource\\realert\\src\\index.js","statementMap":{},"fnMap":{},"branchMap":{},"s":{},"f":{},"b":{},"_coverageSchema":"332fd63041d2c1bcb487cc26dd0d5f7d97098a6c","hash":"5eb9b62ad577936f4f98cd736f3268d818983cbf"}
,"Z:\\opensource\\realert\\src\\Components\\Alert.jsx": {"path":"Z:\\opensource\\realert\\src\\Components\\Alert.jsx","statementMap":{"0":{"start":{"line":15,"column":4},"end":{"line":15,"column":17}},"1":{"start":{"line":20,"column":4},"end":{"line":22,"column":6}},"2":{"start":{"line":24,"column":4},"end":{"line":24,"column":26}},"3":{"start":{"line":33,"column":8},"end":{"line":33,"column":18}},"4":{"start":{"line":34,"column":4},"end":{"line":36,"column":5}},"5":{"start":{"line":35,"column":6},"end":{"line":35,"column":14}},"6":{"start":{"line":45,"column":8},"end":{"line":45,"column":18}},"7":{"start":{"line":46,"column":4},"end":{"line":48,"column":5}},"8":{"start":{"line":47,"column":6},"end":{"line":47,"column":40}},"9":{"start":{"line":55,"column":4},"end":{"line":55,"column":35}},"10":{"start":{"line":57,"column":25},"end":{"line":57,"column":35}},"11":{"start":{"line":58,"column":4},"end":{"line":60,"column":5}},"12":{"start":{"line":59,"column":6},"end":{"line":59,"column":17}},"13":{"start":{"line":67,"column":4},"end":{"line":69,"column":5}},"14":{"start":{"line":68,"column":6},"end":{"line":68,"column":39}},"15":{"start":{"line":73,"column":23},"end":{"line":73,"column":40}},"16":{"start":{"line":81,"column":8},"end":{"line":81,"column":18}},"17":{"start":{"line":82,"column":4},"end":{"line":96,"column":6}},"18":{"start":{"line":100,"column":0},"end":{"line":102,"column":2}}},"fnMap":{"0":{"name":"(anonymous_0)","decl":{"start":{"line":14,"column":2},"end":{"line":14,"column":3}},"loc":{"start":{"line":14,"column":20},"end":{"line":25,"column":3}},"line":14},"1":{"name":"(anonymous_1)","decl":{"start":{"line":30,"column":2},"end":{"line":30,"column":3}},"loc":{"start":{"line":30,"column":21},"end":{"line":37,"column":3}},"line":30},"2":{"name":"(anonymous_2)","decl":{"start":{"line":42,"column":2},"end":{"line":42,"column":3}},"loc":{"start":{"line":42,"column":32},"end":{"line":49,"column":3}},"line":42},"3":{"name":"(anonymous_3)","decl":{"start":{"line":54,"column":2},"end":{"line":54,"column":3}},"loc":{"start":{"line":54,"column":24},"end":{"line":61,"column":3}},"line":54},"4":{"name":"(anonymous_4)","decl":{"start":{"line":66,"column":2},"end":{"line":66,"column":3}},"loc":{"start":{"line":66,"column":9},"end":{"line":70,"column":3}},"line":66},"5":{"name":"(anonymous_5)","decl":{"start":{"line":72,"column":2},"end":{"line":72,"column":3}},"loc":{"start":{"line":72,"column":11},"end":{"line":97,"column":3}},"line":72}},"branchMap":{"0":{"loc":{"start":{"line":34,"column":4},"end":{"line":36,"column":5}},"type":"if","locations":[{"start":{"line":34,"column":4},"end":{"line":36,"column":5}},{"start":{"line":34,"column":4},"end":{"line":36,"column":5}}],"line":34},"1":{"loc":{"start":{"line":34,"column":7},"end":{"line":34,"column":43}},"type":"binary-expr","locations":[{"start":{"line":34,"column":7},"end":{"line":34,"column":12}},{"start":{"line":34,"column":16},"end":{"line":34,"column":43}}],"line":34},"2":{"loc":{"start":{"line":46,"column":4},"end":{"line":48,"column":5}},"type":"if","locations":[{"start":{"line":46,"column":4},"end":{"line":48,"column":5}},{"start":{"line":46,"column":4},"end":{"line":48,"column":5}}],"line":46},"3":{"loc":{"start":{"line":58,"column":4},"end":{"line":60,"column":5}},"type":"if","locations":[{"start":{"line":58,"column":4},"end":{"line":60,"column":5}},{"start":{"line":58,"column":4},"end":{"line":60,"column":5}}],"line":58},"4":{"loc":{"start":{"line":58,"column":7},"end":{"line":58,"column":49}},"type":"binary-expr","locations":[{"start":{"line":58,"column":7},"end":{"line":58,"column":15}},{"start":{"line":58,"column":19},"end":{"line":58,"column":49}}],"line":58},"5":{"loc":{"start":{"line":67,"column":4},"end":{"line":69,"column":5}},"type":"if","locations":[{"start":{"line":67,"column":4},"end":{"line":69,"column":5}},{"start":{"line":67,"column":4},"end":{"line":69,"column":5}}],"line":67}},"s":{"0":18,"1":18,"2":18,"3":18,"4":18,"5":1,"6":0,"7":0,"8":0,"9":1,"10":1,"11":1,"12":1,"13":0,"14":0,"15":18,"16":18,"17":18,"18":2},"f":{"0":18,"1":18,"2":0,"3":1,"4":0,"5":18},"b":{"0":[1,17],"1":[18,1],"2":[0,0],"3":[1,0],"4":[1,1],"5":[0,0]},"_coverageSchema":"332fd63041d2c1bcb487cc26dd0d5f7d97098a6c","hash":"35d292ef9e4d9ae7f4c75be77acde0d2b5e3cf2c"}
,"Z:\\opensource\\realert\\src\\Components\\AlertComponent.jsx": {"path":"Z:\\opensource\\realert\\src\\Components\\AlertComponent.jsx","statementMap":{"0":{"start":{"line":25,"column":19},"end":{"line":29,"column":1}},"1":{"start":{"line":26,"column":2},"end":{"line":28,"column":3}},"2":{"start":{"line":31,"column":23},"end":{"line":126,"column":1}},"3":{"start":{"line":47,"column":6},"end":{"line":47,"column":11}},"4":{"start":{"line":50,"column":2},"end":{"line":125,"column":4}},"5":{"start":{"line":103,"column":29},"end":{"line":111,"column":59}}},"fnMap":{"0":{"name":"(anonymous_0)","decl":{"start":{"line":25,"column":19},"end":{"line":25,"column":20}},"loc":{"start":{"line":25,"column":32},"end":{"line":29,"column":1}},"line":25},"1":{"name":"(anonymous_1)","decl":{"start":{"line":31,"column":23},"end":{"line":31,"column":24}},"loc":{"start":{"line":31,"column":34},"end":{"line":126,"column":1}},"line":31},"2":{"name":"(anonymous_2)","decl":{"start":{"line":102,"column":39},"end":{"line":102,"column":40}},"loc":{"start":{"line":103,"column":29},"end":{"line":111,"column":59}},"line":103}},"branchMap":{"0":{"loc":{"start":{"line":55,"column":17},"end":{"line":55,"column":31}},"type":"binary-expr","locations":[{"start":{"line":55,"column":17},"end":{"line":55,"column":24}},{"start":{"line":55,"column":28},"end":{"line":55,"column":31}}],"line":55},"1":{"loc":{"start":{"line":70,"column":20},"end":{"line":78,"column":30}},"type":"cond-expr","locations":[{"start":{"line":71,"column":24},"end":{"line":71,"column":39}},{"start":{"line":72,"column":26},"end":{"line":78,"column":30}}],"line":70},"2":{"loc":{"start":{"line":70,"column":20},"end":{"line":70,"column":45}},"type":"binary-expr","locations":[{"start":{"line":70,"column":20},"end":{"line":70,"column":24}},{"start":{"line":70,"column":28},"end":{"line":70,"column":45}}],"line":70},"3":{"loc":{"start":{"line":72,"column":26},"end":{"line":78,"column":30}},"type":"cond-expr","locations":[{"start":{"line":73,"column":24},"end":{"line":73,"column":39}},{"start":{"line":74,"column":26},"end":{"line":78,"column":30}}],"line":72},"4":{"loc":{"start":{"line":74,"column":26},"end":{"line":78,"column":30}},"type":"cond-expr","locations":[{"start":{"line":75,"column":24},"end":{"line":75,"column":37}},{"start":{"line":76,"column":26},"end":{"line":78,"column":30}}],"line":74},"5":{"loc":{"start":{"line":76,"column":26},"end":{"line":78,"column":30}},"type":"cond-expr","locations":[{"start":{"line":77,"column":24},"end":{"line":77,"column":36}},{"start":{"line":78,"column":26},"end":{"line":78,"column":30}}],"line":76},"6":{"loc":{"start":{"line":82,"column":22},"end":{"line":86,"column":30}},"type":"cond-expr","locations":[{"start":{"line":83,"column":24},"end":{"line":83,"column":102}},{"start":{"line":84,"column":26},"end":{"line":86,"column":30}}],"line":82},"7":{"loc":{"start":{"line":82,"column":22},"end":{"line":82,"column":40}},"type":"binary-expr","locations":[{"start":{"line":82,"column":22},"end":{"line":82,"column":31}},{"start":{"line":82,"column":35},"end":{"line":82,"column":40}}],"line":82},"8":{"loc":{"start":{"line":84,"column":26},"end":{"line":86,"column":30}},"type":"cond-expr","locations":[{"start":{"line":85,"column":24},"end":{"line":85,"column":79}},{"start":{"line":86,"column":26},"end":{"line":86,"column":30}}],"line":84},"9":{"loc":{"start":{"line":84,"column":26},"end":{"line":84,"column":45}},"type":"binary-expr","locations":[{"start":{"line":84,"column":26},"end":{"line":84,"column":36}},{"start":{"line":84,"column":40},"end":{"line":84,"column":45}}],"line":84},"10":{"loc":{"start":{"line":90,"column":22},"end":{"line":94,"column":30}},"type":"cond-expr","locations":[{"start":{"line":91,"column":24},"end":{"line":91,"column":108}},{"start":{"line":92,"column":26},"end":{"line":94,"column":30}}],"line":90},"11":{"loc":{"start":{"line":90,"column":22},"end":{"line":90,"column":42}},"type":"binary-expr","locations":[{"start":{"line":90,"column":22},"end":{"line":90,"column":31}},{"start":{"line":90,"column":35},"end":{"line":90,"column":42}}],"line":90},"12":{"loc":{"start":{"line":92,"column":26},"end":{"line":94,"column":30}},"type":"cond-expr","locations":[{"start":{"line":93,"column":24},"end":{"line":93,"column":87}},{"start":{"line":94,"column":26},"end":{"line":94,"column":30}}],"line":92},"13":{"loc":{"start":{"line":92,"column":26},"end":{"line":92,"column":47}},"type":"binary-expr","locations":[{"start":{"line":92,"column":26},"end":{"line":92,"column":36}},{"start":{"line":92,"column":40},"end":{"line":92,"column":47}}],"line":92},"14":{"loc":{"start":{"line":98,"column":22},"end":{"line":115,"column":28}},"type":"cond-expr","locations":[{"start":{"line":100,"column":23},"end":{"line":114,"column":43}},{"start":{"line":115,"column":24},"end":{"line":115,"column":28}}],"line":98},"15":{"loc":{"start":{"line":98,"column":22},"end":{"line":99,"column":57}},"type":"binary-expr","locations":[{"start":{"line":98,"column":22},"end":{"line":98,"column":52}},{"start":{"line":99,"column":22},"end":{"line":99,"column":39}},{"start":{"line":99,"column":43},"end":{"line":99,"column":57}}],"line":98},"16":{"loc":{"start":{"line":100,"column":71},"end":{"line":100,"column":94}},"type":"binary-expr","locations":[{"start":{"line":100,"column":71},"end":{"line":100,"column":83}},{"start":{"line":100,"column":87},"end":{"line":100,"column":94}}],"line":100},"17":{"loc":{"start":{"line":106,"column":41},"end":{"line":106,"column":62}},"type":"binary-expr","locations":[{"start":{"line":106,"column":41},"end":{"line":106,"column":49}},{"start":{"line":106,"column":53},"end":{"line":106,"column":62}}],"line":106},"18":{"loc":{"start":{"line":107,"column":42},"end":{"line":107,"column":66}},"type":"binary-expr","locations":[{"start":{"line":107,"column":42},"end":{"line":107,"column":52}},{"start":{"line":107,"column":56},"end":{"line":107,"column":66}}],"line":107},"19":{"loc":{"start":{"line":109,"column":34},"end":{"line":109,"column":63}},"type":"binary-expr","locations":[{"start":{"line":109,"column":34},"end":{"line":109,"column":50}},{"start":{"line":109,"column":54},"end":{"line":109,"column":63}}],"line":109}},"s":{"0":2,"1":0,"2":2,"3":18,"4":18,"5":4},"f":{"0":0,"1":18,"2":4},"b":{"0":[18,18],"1":[0,18],"2":[18,0],"3":[0,18],"4":[0,18],"5":[0,18],"6":[2,16],"7":[18,2],"8":[15,1],"9":[16,16],"10":[2,16],"11":[18,2],"12":[16,0],"13":[16,16],"14":[2,16],"15":[18,3,2],"16":[2,2],"17":[4,4],"18":[4,1],"19":[4,4]},"_coverageSchema":"332fd63041d2c1bcb487cc26dd0d5f7d97098a6c","hash":"d3f7d1a1dfed92592100790f39e2368b8eb00531"}
,"Z:\\opensource\\realert\\src\\StyledComponents\\GlobalStyles.js": {"path":"Z:\\opensource\\realert\\src\\StyledComponents\\GlobalStyles.js","statementMap":{"0":{"start":{"line":3,"column":21},"end":{"line":28,"column":1}}},"fnMap":{},"branchMap":{},"s":{"0":2},"f":{},"b":{},"_coverageSchema":"332fd63041d2c1bcb487cc26dd0d5f7d97098a6c","hash":"366ce9c70b78ea5fa7f55037cd1a1a0bd2c7c3fc"}
,"Z:\\opensource\\realert\\src\\StyledComponents\\index.js": {"path":"Z:\\opensource\\realert\\src\\StyledComponents\\index.js","statementMap":{"0":{"start":{"line":3,"column":29},"end":{"line":22,"column":1}},"1":{"start":{"line":24,"column":34},"end":{"line":57,"column":1}},"2":{"start":{"line":59,"column":34},"end":{"line":80,"column":1}},"3":{"start":{"line":82,"column":42},"end":{"line":84,"column":1}},"4":{"start":{"line":83,"column":13},"end":{"line":83,"column":33}},"5":{"start":{"line":86,"column":36},"end":{"line":109,"column":1}},"6":{"start":{"line":111,"column":44},"end":{"line":113,"column":1}},"7":{"start":{"line":112,"column":13},"end":{"line":112,"column":33}},"8":{"start":{"line":115,"column":27},"end":{"line":136,"column":1}},"9":{"start":{"line":138,"column":35},"end":{"line":140,"column":1}},"10":{"start":{"line":139,"column":13},"end":{"line":139,"column":33}},"11":{"start":{"line":142,"column":29},"end":{"line":164,"column":1}},"12":{"start":{"line":166,"column":37},"end":{"line":168,"column":1}},"13":{"start":{"line":167,"column":13},"end":{"line":167,"column":33}},"14":{"start":{"line":170,"column":33},"end":{"line":178,"column":1}},"15":{"start":{"line":171,"column":25},"end":{"line":171,"column":36}},"16":{"start":{"line":180,"column":41},"end":{"line":182,"column":1}},"17":{"start":{"line":181,"column":13},"end":{"line":181,"column":33}},"18":{"start":{"line":184,"column":43},"end":{"line":188,"column":1}},"19":{"start":{"line":190,"column":46},"end":{"line":192,"column":1}},"20":{"start":{"line":191,"column":13},"end":{"line":191,"column":33}},"21":{"start":{"line":194,"column":33},"end":{"line":243,"column":1}},"22":{"start":{"line":196,"column":4},"end":{"line":198,"column":5}},"23":{"start":{"line":197,"column":6},"end":{"line":197,"column":41}},"24":{"start":{"line":199,"column":4},"end":{"line":201,"column":5}},"25":{"start":{"line":200,"column":6},"end":{"line":200,"column":41}},"26":{"start":{"line":202,"column":4},"end":{"line":202,"column":40}},"27":{"start":{"line":205,"column":4},"end":{"line":207,"column":5}},"28":{"start":{"line":206,"column":6},"end":{"line":206,"column":23}},"29":{"start":{"line":208,"column":4},"end":{"line":208,"column":21}},"30":{"start":{"line":221,"column":6},"end":{"line":223,"column":7}},"31":{"start":{"line":222,"column":8},"end":{"line":222,"column":49}},"32":{"start":{"line":224,"column":6},"end":{"line":226,"column":7}},"33":{"start":{"line":225,"column":8},"end":{"line":225,"column":49}},"34":{"start":{"line":227,"column":6},"end":{"line":227,"column":48}},"35":{"start":{"line":245,"column":41},"end":{"line":247,"column":1}},"36":{"start":{"line":246,"column":13},"end":{"line":246,"column":33}},"37":{"start":{"line":249,"column":26},"end":{"line":263,"column":1}}},"fnMap":{"0":{"name":"(anonymous_0)","decl":{"start":{"line":83,"column":4},"end":{"line":83,"column":5}},"loc":{"start":{"line":83,"column":13},"end":{"line":83,"column":33}},"line":83},"1":{"name":"(anonymous_1)","decl":{"start":{"line":112,"column":4},"end":{"line":112,"column":5}},"loc":{"start":{"line":112,"column":13},"end":{"line":112,"column":33}},"line":112},"2":{"name":"(anonymous_2)","decl":{"start":{"line":139,"column":4},"end":{"line":139,"column":5}},"loc":{"start":{"line":139,"column":13},"end":{"line":139,"column":33}},"line":139},"3":{"name":"(anonymous_3)","decl":{"start":{"line":167,"column":4},"end":{"line":167,"column":5}},"loc":{"start":{"line":167,"column":13},"end":{"line":167,"column":33}},"line":167},"4":{"name":"(anonymous_4)","decl":{"start":{"line":171,"column":16},"end":{"line":171,"column":17}},"loc":{"start":{"line":171,"column":25},"end":{"line":171,"column":36}},"line":171},"5":{"name":"(anonymous_5)","decl":{"start":{"line":181,"column":4},"end":{"line":181,"column":5}},"loc":{"start":{"line":181,"column":13},"end":{"line":181,"column":33}},"line":181},"6":{"name":"(anonymous_6)","decl":{"start":{"line":191,"column":4},"end":{"line":191,"column":5}},"loc":{"start":{"line":191,"column":13},"end":{"line":191,"column":33}},"line":191},"7":{"name":"(anonymous_7)","decl":{"start":{"line":195,"column":22},"end":{"line":195,"column":23}},"loc":{"start":{"line":195,"column":33},"end":{"line":203,"column":3}},"line":195},"8":{"name":"(anonymous_8)","decl":{"start":{"line":204,"column":11},"end":{"line":204,"column":12}},"loc":{"start":{"line":204,"column":22},"end":{"line":209,"column":3}},"line":204},"9":{"name":"(anonymous_9)","decl":{"start":{"line":220,"column":24},"end":{"line":220,"column":25}},"loc":{"start":{"line":220,"column":35},"end":{"line":228,"column":5}},"line":220},"10":{"name":"(anonymous_10)","decl":{"start":{"line":246,"column":4},"end":{"line":246,"column":5}},"loc":{"start":{"line":246,"column":13},"end":{"line":246,"column":33}},"line":246}},"branchMap":{"0":{"loc":{"start":{"line":196,"column":4},"end":{"line":198,"column":5}},"type":"if","locations":[{"start":{"line":196,"column":4},"end":{"line":198,"column":5}},{"start":{"line":196,"column":4},"end":{"line":198,"column":5}}],"line":196},"1":{"loc":{"start":{"line":199,"column":4},"end":{"line":201,"column":5}},"type":"if","locations":[{"start":{"line":199,"column":4},"end":{"line":201,"column":5}},{"start":{"line":199,"column":4},"end":{"line":201,"column":5}}],"line":199},"2":{"loc":{"start":{"line":205,"column":4},"end":{"line":207,"column":5}},"type":"if","locations":[{"start":{"line":205,"column":4},"end":{"line":207,"column":5}},{"start":{"line":205,"column":4},"end":{"line":207,"column":5}}],"line":205},"3":{"loc":{"start":{"line":221,"column":6},"end":{"line":223,"column":7}},"type":"if","locations":[{"start":{"line":221,"column":6},"end":{"line":223,"column":7}},{"start":{"line":221,"column":6},"end":{"line":223,"column":7}}],"line":221},"4":{"loc":{"start":{"line":224,"column":6},"end":{"line":226,"column":7}},"type":"if","locations":[{"start":{"line":224,"column":6},"end":{"line":226,"column":7}},{"start":{"line":224,"column":6},"end":{"line":226,"column":7}}],"line":224}},"s":{"0":2,"1":2,"2":2,"3":2,"4":50,"5":2,"6":2,"7":50,"8":2,"9":2,"10":48,"11":2,"12":2,"13":50,"14":2,"15":6,"16":2,"17":6,"18":2,"19":2,"20":0,"21":2,"22":12,"23":0,"24":12,"25":0,"26":12,"27":12,"28":0,"29":12,"30":12,"31":0,"32":12,"33":0,"34":12,"35":2,"36":12,"37":2},"f":{"0":50,"1":50,"2":48,"3":50,"4":6,"5":6,"6":0,"7":12,"8":12,"9":12,"10":12},"b":{"0":[0,12],"1":[0,12],"2":[0,12],"3":[0,12],"4":[0,12]},"_coverageSchema":"332fd63041d2c1bcb487cc26dd0d5f7d97098a6c","hash":"20608397506fc76e820cd010409419cdb53fe781"}
,"Z:\\opensource\\realert\\src\\StyledComponents\\Icons\\ErrorIcon.jsx": {"path":"Z:\\opensource\\realert\\src\\StyledComponents\\Icons\\ErrorIcon.jsx","statementMap":{"0":{"start":{"line":6,"column":25},"end":{"line":15,"column":1}},"1":{"start":{"line":17,"column":21},"end":{"line":37,"column":1}},"2":{"start":{"line":39,"column":24},"end":{"line":68,"column":1}},"3":{"start":{"line":70,"column":18},"end":{"line":76,"column":1}},"4":{"start":{"line":71,"column":2},"end":{"line":75,"column":20}}},"fnMap":{"0":{"name":"(anonymous_0)","decl":{"start":{"line":70,"column":18},"end":{"line":70,"column":19}},"loc":{"start":{"line":71,"column":2},"end":{"line":75,"column":20}},"line":71}},"branchMap":{},"s":{"0":2,"1":2,"2":2,"3":2,"4":0},"f":{"0":0},"b":{},"_coverageSchema":"332fd63041d2c1bcb487cc26dd0d5f7d97098a6c","hash":"49f6807f919cc97293370b764b5b7454b6cc1c32"}
,"Z:\\opensource\\realert\\src\\StyledComponents\\Icons\\InfoIcon.jsx": {"path":"Z:\\opensource\\realert\\src\\StyledComponents\\Icons\\InfoIcon.jsx","statementMap":{"0":{"start":{"line":6,"column":23},"end":{"line":33,"column":1}}},"fnMap":{},"branchMap":{},"s":{"0":2},"f":{},"b":{},"_coverageSchema":"332fd63041d2c1bcb487cc26dd0d5f7d97098a6c","hash":"c212674e9dfa95eb1ff599727976305ac2efeb23"}
,"Z:\\opensource\\realert\\src\\StyledComponents\\Icons\\SuccessIcon.jsx": {"path":"Z:\\opensource\\realert\\src\\StyledComponents\\Icons\\SuccessIcon.jsx","statementMap":{"0":{"start":{"line":6,"column":26},"end":{"line":19,"column":1}},"1":{"start":{"line":21,"column":26},"end":{"line":47,"column":1}},"2":{"start":{"line":49,"column":27},"end":{"line":70,"column":1}},"3":{"start":{"line":72,"column":26},"end":{"line":150,"column":1}},"4":{"start":{"line":152,"column":20},"end":{"line":160,"column":1}},"5":{"start":{"line":153,"column":2},"end":{"line":159,"column":22}}},"fnMap":{"0":{"name":"(anonymous_0)","decl":{"start":{"line":152,"column":20},"end":{"line":152,"column":21}},"loc":{"start":{"line":153,"column":2},"end":{"line":159,"column":22}},"line":153}},"branchMap":{},"s":{"0":2,"1":2,"2":2,"3":2,"4":2,"5":0},"f":{"0":0},"b":{},"_coverageSchema":"332fd63041d2c1bcb487cc26dd0d5f7d97098a6c","hash":"2fb9b0349afa4d09062955a6ec2ee136dd22b611"}
,"Z:\\opensource\\realert\\src\\StyledComponents\\Icons\\WarningIcon.jsx": {"path":"Z:\\opensource\\realert\\src\\StyledComponents\\Icons\\WarningIcon.jsx","statementMap":{"0":{"start":{"line":6,"column":21},"end":{"line":13,"column":1}},"1":{"start":{"line":15,"column":26},"end":{"line":41,"column":1}},"2":{"start":{"line":43,"column":20},"end":{"line":49,"column":1}},"3":{"start":{"line":44,"column":2},"end":{"line":48,"column":22}}},"fnMap":{"0":{"name":"(anonymous_0)","decl":{"start":{"line":43,"column":20},"end":{"line":43,"column":21}},"loc":{"start":{"line":44,"column":2},"end":{"line":48,"column":22}},"line":44}},"branchMap":{},"s":{"0":2,"1":2,"2":2,"3":0},"f":{"0":0},"b":{},"_coverageSchema":"332fd63041d2c1bcb487cc26dd0d5f7d97098a6c","hash":"b8de02fbb24271141c899c86486ee85503065dd5"}
,"Z:\\opensource\\realert\\src\\StyledComponents\\Icons\\index.js": {"path":"Z:\\opensource\\realert\\src\\StyledComponents\\Icons\\index.js","statementMap":{},"fnMap":{},"branchMap":{},"s":{},"f":{},"b":{},"_coverageSchema":"332fd63041d2c1bcb487cc26dd0d5f7d97098a6c","hash":"feddf6011e0694bbeb16738af0333b49f86028ec"}
,"Z:\\opensource\\realert\\src\\helpers\\expectedComponents.jsx": {"path":"Z:\\opensource\\realert\\src\\helpers\\expectedComponents.jsx","statementMap":{"0":{"start":{"line":19,"column":19},"end":{"line":23,"column":1}},"1":{"start":{"line":20,"column":2},"end":{"line":22,"column":3}},"2":{"start":{"line":25,"column":38},"end":{"line":97,"column":1}},"3":{"start":{"line":34,"column":6},"end":{"line":34,"column":11}},"4":{"start":{"line":37,"column":2},"end":{"line":96,"column":4}},"5":{"start":{"line":77,"column":29},"end":{"line":85,"column":59}}},"fnMap":{"0":{"name":"(anonymous_0)","decl":{"start":{"line":19,"column":19},"end":{"line":19,"column":20}},"loc":{"start":{"line":19,"column":32},"end":{"line":23,"column":1}},"line":19},"1":{"name":"(anonymous_1)","decl":{"start":{"line":25,"column":38},"end":{"line":25,"column":39}},"loc":{"start":{"line":25,"column":49},"end":{"line":97,"column":1}},"line":25},"2":{"name":"(anonymous_2)","decl":{"start":{"line":76,"column":39},"end":{"line":76,"column":40}},"loc":{"start":{"line":77,"column":29},"end":{"line":85,"column":59}},"line":77}},"branchMap":{"0":{"loc":{"start":{"line":44,"column":20},"end":{"line":52,"column":30}},"type":"cond-expr","locations":[{"start":{"line":45,"column":24},"end":{"line":45,"column":39}},{"start":{"line":46,"column":26},"end":{"line":52,"column":30}}],"line":44},"1":{"loc":{"start":{"line":44,"column":20},"end":{"line":44,"column":45}},"type":"binary-expr","locations":[{"start":{"line":44,"column":20},"end":{"line":44,"column":24}},{"start":{"line":44,"column":28},"end":{"line":44,"column":45}}],"line":44},"2":{"loc":{"start":{"line":46,"column":26},"end":{"line":52,"column":30}},"type":"cond-expr","locations":[{"start":{"line":47,"column":24},"end":{"line":47,"column":39}},{"start":{"line":48,"column":26},"end":{"line":52,"column":30}}],"line":46},"3":{"loc":{"start":{"line":48,"column":26},"end":{"line":52,"column":30}},"type":"cond-expr","locations":[{"start":{"line":49,"column":24},"end":{"line":49,"column":37}},{"start":{"line":50,"column":26},"end":{"line":52,"column":30}}],"line":48},"4":{"loc":{"start":{"line":50,"column":26},"end":{"line":52,"column":30}},"type":"cond-expr","locations":[{"start":{"line":51,"column":24},"end":{"line":51,"column":36}},{"start":{"line":52,"column":26},"end":{"line":52,"column":30}}],"line":50},"5":{"loc":{"start":{"line":56,"column":22},"end":{"line":60,"column":30}},"type":"cond-expr","locations":[{"start":{"line":57,"column":24},"end":{"line":57,"column":81}},{"start":{"line":58,"column":26},"end":{"line":60,"column":30}}],"line":56},"6":{"loc":{"start":{"line":56,"column":22},"end":{"line":56,"column":40}},"type":"binary-expr","locations":[{"start":{"line":56,"column":22},"end":{"line":56,"column":31}},{"start":{"line":56,"column":35},"end":{"line":56,"column":40}}],"line":56},"7":{"loc":{"start":{"line":58,"column":26},"end":{"line":60,"column":30}},"type":"cond-expr","locations":[{"start":{"line":59,"column":24},"end":{"line":59,"column":58}},{"start":{"line":60,"column":26},"end":{"line":60,"column":30}}],"line":58},"8":{"loc":{"start":{"line":58,"column":26},"end":{"line":58,"column":45}},"type":"binary-expr","locations":[{"start":{"line":58,"column":26},"end":{"line":58,"column":36}},{"start":{"line":58,"column":40},"end":{"line":58,"column":45}}],"line":58},"9":{"loc":{"start":{"line":64,"column":22},"end":{"line":68,"column":30}},"type":"cond-expr","locations":[{"start":{"line":65,"column":24},"end":{"line":65,"column":85}},{"start":{"line":66,"column":26},"end":{"line":68,"column":30}}],"line":64},"10":{"loc":{"start":{"line":64,"column":22},"end":{"line":64,"column":42}},"type":"binary-expr","locations":[{"start":{"line":64,"column":22},"end":{"line":64,"column":31}},{"start":{"line":64,"column":35},"end":{"line":64,"column":42}}],"line":64},"11":{"loc":{"start":{"line":66,"column":26},"end":{"line":68,"column":30}},"type":"cond-expr","locations":[{"start":{"line":67,"column":24},"end":{"line":67,"column":65}},{"start":{"line":68,"column":26},"end":{"line":68,"column":30}}],"line":66},"12":{"loc":{"start":{"line":66,"column":26},"end":{"line":66,"column":47}},"type":"binary-expr","locations":[{"start":{"line":66,"column":26},"end":{"line":66,"column":36}},{"start":{"line":66,"column":40},"end":{"line":66,"column":47}}],"line":66},"13":{"loc":{"start":{"line":72,"column":22},"end":{"line":89,"column":28}},"type":"cond-expr","locations":[{"start":{"line":74,"column":23},"end":{"line":88,"column":43}},{"start":{"line":89,"column":24},"end":{"line":89,"column":28}}],"line":72},"14":{"loc":{"start":{"line":72,"column":22},"end":{"line":73,"column":57}},"type":"binary-expr","locations":[{"start":{"line":72,"column":22},"end":{"line":72,"column":52}},{"start":{"line":73,"column":22},"end":{"line":73,"column":39}},{"start":{"line":73,"column":43},"end":{"line":73,"column":57}}],"line":72},"15":{"loc":{"start":{"line":74,"column":49},"end":{"line":74,"column":72}},"type":"binary-expr","locations":[{"start":{"line":74,"column":49},"end":{"line":74,"column":61}},{"start":{"line":74,"column":65},"end":{"line":74,"column":72}}],"line":74},"16":{"loc":{"start":{"line":80,"column":41},"end":{"line":80,"column":62}},"type":"binary-expr","locations":[{"start":{"line":80,"column":41},"end":{"line":80,"column":49}},{"start":{"line":80,"column":53},"end":{"line":80,"column":62}}],"line":80},"17":{"loc":{"start":{"line":81,"column":42},"end":{"line":81,"column":66}},"type":"binary-expr","locations":[{"start":{"line":81,"column":42},"end":{"line":81,"column":52}},{"start":{"line":81,"column":56},"end":{"line":81,"column":66}}],"line":81},"18":{"loc":{"start":{"line":83,"column":34},"end":{"line":83,"column":63}},"type":"binary-expr","locations":[{"start":{"line":83,"column":34},"end":{"line":83,"column":50}},{"start":{"line":83,"column":54},"end":{"line":83,"column":63}}],"line":83}},"s":{"0":2,"1":0,"2":2,"3":9,"4":9,"5":2},"f":{"0":0,"1":9,"2":2},"b":{"0":[0,9],"1":[9,0],"2":[0,9],"3":[0,9],"4":[0,9],"5":[2,7],"6":[9,2],"7":[7,0],"8":[7,7],"9":[2,7],"10":[9,2],"11":[7,0],"12":[7,7],"13":[1,8],"14":[9,2,1],"15":[1,1],"16":[2,2],"17":[2,0],"18":[2,2]},"_coverageSchema":"332fd63041d2c1bcb487cc26dd0d5f7d97098a6c","hash":"72c7aa429011d99eff9df7d65176c7395335c4d3"}
,"Z:\\opensource\\realert\\src\\helpers\\initTests.js": {"path":"Z:\\opensource\\realert\\src\\helpers\\initTests.js","statementMap":{"0":{"start":{"line":4,"column":0},"end":{"line":4,"column":45}}},"fnMap":{},"branchMap":{},"s":{"0":2},"f":{},"b":{},"_coverageSchema":"332fd63041d2c1bcb487cc26dd0d5f7d97098a6c","hash":"dc65d5290f98fd1f900be6dbe66a2a0ca5afee67"}
,"Z:\\opensource\\realert\\src\\helpers\\mock.js": {"path":"Z:\\opensource\\realert\\src\\helpers\\mock.js","statementMap":{"0":{"start":{"line":2,"column":2},"end":{"line":10,"column":12}}},"fnMap":{"0":{"name":"getAlert","decl":{"start":{"line":1,"column":16},"end":{"line":1,"column":24}},"loc":{"start":{"line":1,"column":37},"end":{"line":11,"column":1}},"line":1}},"branchMap":{"0":{"loc":{"start":{"line":1,"column":25},"end":{"line":1,"column":35}},"type":"default-arg","locations":[{"start":{"line":1,"column":33},"end":{"line":1,"column":35}}],"line":1}},"s":{"0":16},"f":{"0":16},"b":{"0":[16]},"_coverageSchema":"332fd63041d2c1bcb487cc26dd0d5f7d97098a6c","hash":"5beac4ef69788788d4307b3256d287a5e73bfe4d"}
}
