TN:
SF:Z:\opensource\realert\src\index.js
FNF:0
FNH:0
LF:0
LH:0
BRF:0
BRH:0
end_of_record
TN:
SF:Z:\opensource\realert\src\Components\Alert.jsx
FN:14,(anonymous_0)
FN:30,(anonymous_1)
FN:42,(anonymous_2)
FN:54,(anonymous_3)
FN:66,(anonymous_4)
FN:72,(anonymous_5)
FNF:6
FNH:4
FNDA:18,(anonymous_0)
FNDA:18,(anonymous_1)
FNDA:0,(anonymous_2)
FNDA:1,(anonymous_3)
FNDA:0,(anonymous_4)
FNDA:18,(anonymous_5)
DA:15,18
DA:20,18
DA:24,18
DA:33,18
DA:34,18
DA:35,1
DA:45,0
DA:46,0
DA:47,0
DA:55,1
DA:57,1
DA:58,1
DA:59,1
DA:67,0
DA:68,0
DA:73,18
DA:81,18
DA:82,18
DA:100,2
LF:19
LH:14
BRDA:34,0,0,1
BRDA:34,0,1,17
BRDA:34,1,0,18
BRDA:34,1,1,1
BRDA:46,2,0,0
BRDA:46,2,1,0
BRDA:58,3,0,1
BRDA:58,3,1,0
BRDA:58,4,0,1
BRDA:58,4,1,1
BRDA:67,5,0,0
BRDA:67,5,1,0
BRF:12
BRH:7
end_of_record
TN:
SF:Z:\opensource\realert\src\Components\AlertComponent.jsx
FN:25,(anonymous_0)
FN:31,(anonymous_1)
FN:102,(anonymous_2)
FNF:3
FNH:2
FNDA:0,(anonymous_0)
FNDA:18,(anonymous_1)
FNDA:4,(anonymous_2)
DA:25,2
DA:26,0
DA:31,2
DA:47,18
DA:50,18
DA:103,4
LF:6
LH:5
BRDA:55,0,0,18
BRDA:55,0,1,18
BRDA:70,1,0,0
BRDA:70,1,1,18
BRDA:70,2,0,18
BRDA:70,2,1,0
BRDA:72,3,0,0
BRDA:72,3,1,18
BRDA:74,4,0,0
BRDA:74,4,1,18
BRDA:76,5,0,0
BRDA:76,5,1,18
BRDA:82,6,0,2
BRDA:82,6,1,16
BRDA:82,7,0,18
BRDA:82,7,1,2
BRDA:84,8,0,15
BRDA:84,8,1,1
BRDA:84,9,0,16
BRDA:84,9,1,16
BRDA:90,10,0,2
BRDA:90,10,1,16
BRDA:90,11,0,18
BRDA:90,11,1,2
BRDA:92,12,0,16
BRDA:92,12,1,0
BRDA:92,13,0,16
BRDA:92,13,1,16
BRDA:98,14,0,2
BRDA:98,14,1,16
BRDA:98,15,0,18
BRDA:98,15,1,3
BRDA:98,15,2,2
BRDA:100,16,0,2
BRDA:100,16,1,2
BRDA:106,17,0,4
BRDA:106,17,1,4
BRDA:107,18,0,4
BRDA:107,18,1,1
BRDA:109,19,0,4
BRDA:109,19,1,4
BRF:41
BRH:35
end_of_record
TN:
SF:Z:\opensource\realert\src\StyledComponents\GlobalStyles.js
FNF:0
FNH:0
DA:3,2
LF:1
LH:1
BRF:0
BRH:0
end_of_record
TN:
SF:Z:\opensource\realert\src\StyledComponents\index.js
FN:83,(anonymous_0)
FN:112,(anonymous_1)
FN:139,(anonymous_2)
FN:167,(anonymous_3)
FN:171,(anonymous_4)
FN:181,(anonymous_5)
FN:191,(anonymous_6)
FN:195,(anonymous_7)
FN:204,(anonymous_8)
FN:220,(anonymous_9)
FN:246,(anonymous_10)
FNF:11
FNH:10
FNDA:50,(anonymous_0)
FNDA:50,(anonymous_1)
FNDA:48,(anonymous_2)
FNDA:50,(anonymous_3)
FNDA:6,(anonymous_4)
FNDA:6,(anonymous_5)
FNDA:0,(anonymous_6)
FNDA:12,(anonymous_7)
FNDA:12,(anonymous_8)
FNDA:12,(anonymous_9)
FNDA:12,(anonymous_10)
DA:3,2
DA:24,2
DA:59,2
DA:82,2
DA:83,50
DA:86,2
DA:111,2
DA:112,50
DA:115,2
DA:138,2
DA:139,48
DA:142,2
DA:166,2
DA:167,50
DA:170,2
DA:171,6
DA:180,2
DA:181,6
DA:184,2
DA:190,2
DA:191,0
DA:194,2
DA:196,12
DA:197,0
DA:199,12
DA:200,0
DA:202,12
DA:205,12
DA:206,0
DA:208,12
DA:221,12
DA:222,0
DA:224,12
DA:225,0
DA:227,12
DA:245,2
DA:246,12
DA:249,2
LF:38
LH:32
BRDA:196,0,0,0
BRDA:196,0,1,12
BRDA:199,1,0,0
BRDA:199,1,1,12
BRDA:205,2,0,0
BRDA:205,2,1,12
BRDA:221,3,0,0
BRDA:221,3,1,12
BRDA:224,4,0,0
BRDA:224,4,1,12
BRF:10
BRH:5
end_of_record
TN:
SF:Z:\opensource\realert\src\StyledComponents\Icons\ErrorIcon.jsx
FN:70,(anonymous_0)
FNF:1
FNH:0
FNDA:0,(anonymous_0)
DA:6,2
DA:17,2
DA:39,2
DA:70,2
DA:71,0
LF:5
LH:4
BRF:0
BRH:0
end_of_record
TN:
SF:Z:\opensource\realert\src\StyledComponents\Icons\InfoIcon.jsx
FNF:0
FNH:0
DA:6,2
LF:1
LH:1
BRF:0
BRH:0
end_of_record
TN:
SF:Z:\opensource\realert\src\StyledComponents\Icons\SuccessIcon.jsx
FN:152,(anonymous_0)
FNF:1
FNH:0
FNDA:0,(anonymous_0)
DA:6,2
DA:21,2
DA:49,2
DA:72,2
DA:152,2
DA:153,0
LF:6
LH:5
BRF:0
BRH:0
end_of_record
TN:
SF:Z:\opensource\realert\src\StyledComponents\Icons\WarningIcon.jsx
FN:43,(anonymous_0)
FNF:1
FNH:0
FNDA:0,(anonymous_0)
DA:6,2
DA:15,2
DA:43,2
DA:44,0
LF:4
LH:3
BRF:0
BRH:0
end_of_record
TN:
SF:Z:\opensource\realert\src\StyledComponents\Icons\index.js
FNF:0
FNH:0
LF:0
LH:0
BRF:0
BRH:0
end_of_record
TN:
SF:Z:\opensource\realert\src\helpers\expectedComponents.jsx
FN:19,(anonymous_0)
FN:25,(anonymous_1)
FN:76,(anonymous_2)
FNF:3
FNH:2
FNDA:0,(anonymous_0)
FNDA:9,(anonymous_1)
FNDA:2,(anonymous_2)
DA:19,2
DA:20,0
DA:25,2
DA:34,9
DA:37,9
DA:77,2
LF:6
LH:5
BRDA:44,0,0,0
BRDA:44,0,1,9
BRDA:44,1,0,9
BRDA:44,1,1,0
BRDA:46,2,0,0
BRDA:46,2,1,9
BRDA:48,3,0,0
BRDA:48,3,1,9
BRDA:50,4,0,0
BRDA:50,4,1,9
BRDA:56,5,0,2
BRDA:56,5,1,7
BRDA:56,6,0,9
BRDA:56,6,1,2
BRDA:58,7,0,7
BRDA:58,7,1,0
BRDA:58,8,0,7
BRDA:58,8,1,7
BRDA:64,9,0,2
BRDA:64,9,1,7
BRDA:64,10,0,9
BRDA:64,10,1,2
BRDA:66,11,0,7
BRDA:66,11,1,0
BRDA:66,12,0,7
BRDA:66,12,1,7
BRDA:72,13,0,1
BRDA:72,13,1,8
BRDA:72,14,0,9
BRDA:72,14,1,2
BRDA:72,14,2,1
BRDA:74,15,0,1
BRDA:74,15,1,1
BRDA:80,16,0,2
BRDA:80,16,1,2
BRDA:81,17,0,2
BRDA:81,17,1,0
BRDA:83,18,0,2
BRDA:83,18,1,2
BRF:39
BRH:31
end_of_record
TN:
SF:Z:\opensource\realert\src\helpers\initTests.js
FNF:0
FNH:0
DA:4,2
LF:1
LH:1
BRF:0
BRH:0
end_of_record
TN:
SF:Z:\opensource\realert\src\helpers\mock.js
FN:1,getAlert
FNF:1
FNH:1
FNDA:16,getAlert
DA:2,16
LF:1
LH:1
BRDA:1,0,0,16
BRF:1
BRH:1
end_of_record
